<?xml version="1.0" encoding="UTF-8"?>
<!-- Generated by org.testng.reporters.JUnitReportReporter -->
<testsuite hostname="LAPTOP-9T35REC7" failures="0" tests="1" name="testCases.CheckOutPage_TestCase" time="8.594" errors="0" timestamp="2024-10-15T17:22:56 IST" skipped="0">
  <testcase classname="testCases.CheckOutPage_TestCase" name="ClickonContinuebtnTest" time="8.594"/>
  <system-out/>
</testsuite> <!-- testCases.CheckOutPage_TestCase -->
