<?xml version="1.0" encoding="UTF-8"?>
<!-- Generated by org.testng.reporters.JUnitReportReporter -->
<testsuite hostname="LAPTOP-9T35REC7" failures="0" tests="1" name="testCases.LoginPage_TestCase" time="19.779" errors="0" timestamp="2024-10-18T12:33:49 IST" skipped="0">
  <testcase classname="testCases.LoginPage_TestCase" name="LoginApplicationTest" time="19.779"/>
  <system-out/>
</testsuite> <!-- testCases.LoginPage_TestCase -->
