<?xml version="1.0" encoding="UTF-8"?>
<!-- Generated by org.testng.reporters.JUnitReportReporter -->
<testsuite hostname="LAPTOP-9T35REC7" failures="0" tests="6" name="testCases.InventryTestCase" time="119.981" errors="0" timestamp="2024-10-16T12:45:35 IST" skipped="0">
  <testcase classname="testCases.InventryTestCase" name="ClickoncartIconTest" time="5.900"/>
  <system-out>
    <![CDATA[Actual url of =https://www.saucedemo.com/cart.html]]>
  </system-out>
  <testcase classname="testCases.InventryTestCase" name="verifyTwitterLogoTest" time="19.779"/>
  <system-out>
    <![CDATA[Twitter Logo is present= true]]>
  </system-out>
  <testcase classname="testCases.InventryTestCase" name="verifyfacebboklogoTest" time="5.959"/>
  <system-out>
    <![CDATA[Facebook logo is present=true]]>
  </system-out>
  <testcase classname="testCases.InventryTestCase" name="add6Products" time="6.563"/>
  <system-out>
    <![CDATA[Total products add to the cart = 4]]>
  </system-out>
  <testcase classname="testCases.InventryTestCase" name="verifylinkedinlogoTest" time="5.984"/>
  <system-out>
    <![CDATA[Linked in logo is present=true]]>
  </system-out>
  <testcase classname="testCases.InventryTestCase" name="verifyPageTitleTest" time="75.796"/>
  <system-out>
    <![CDATA[Inventory page title = Products]]>
  </system-out>
</testsuite> <!-- testCases.InventryTestCase -->
