<?xml version="1.0" encoding="UTF-8"?>
<!-- Generated by org.testng.reporters.JUnitReportReporter -->
<testsuite hostname="LAPTOP-9T35REC7" failures="0" tests="1" name="testCases.CheckOutpage_Step2_TestCase" time="16.863" errors="0" timestamp="2024-10-19T09:25:52 IST" skipped="0">
  <testcase classname="testCases.CheckOutpage_Step2_TestCase" name="ClickOnFinishbtnTest" time="16.863"/>
  <system-out>
    <![CDATA[Completed URL=https://www.saucedemo.com/checkout-complete.html]]>
  </system-out>
</testsuite> <!-- testCases.CheckOutpage_Step2_TestCase -->
